0 info it worked if it ends with ok
1 verbose cli [ '/usr/bin/node', '/usr/bin/npm', 'publish' ]
2 info using npm@3.7.3
3 info using node@v5.9.0
4 verbose publish [ '.' ]
5 silly cache add args [ '.', null ]
6 verbose cache add spec .
7 silly cache add parsed spec Result {
7 silly cache add   raw: '.',
7 silly cache add   scope: null,
7 silly cache add   name: null,
7 silly cache add   rawSpec: '.',
7 silly cache add   spec: '/home/aaron/xjs-loader',
7 silly cache add   type: 'directory' }
8 verbose addLocalDirectory /home/aaron/.npm/xjs-loader/1.0.0/package.tgz not in flight; packing
9 verbose correctMkdir /home/aaron/.npm correctMkdir not in flight; initializing
10 info lifecycle xjs-loader@1.0.0~prepublish: xjs-loader@1.0.0
11 silly lifecycle xjs-loader@1.0.0~prepublish: no script for prepublish, continuing
12 verbose tar pack [ '/home/aaron/.npm/xjs-loader/1.0.0/package.tgz',
12 verbose tar pack   '/home/aaron/xjs-loader' ]
13 verbose tarball /home/aaron/.npm/xjs-loader/1.0.0/package.tgz
14 verbose folder /home/aaron/xjs-loader
15 verbose addLocalTarball adding from inside cache /home/aaron/.npm/xjs-loader/1.0.0/package.tgz
16 verbose correctMkdir /home/aaron/.npm correctMkdir not in flight; initializing
17 silly cache afterAdd xjs-loader@1.0.0
18 verbose afterAdd /home/aaron/.npm/xjs-loader/1.0.0/package/package.json not in flight; writing
19 verbose correctMkdir /home/aaron/.npm correctMkdir not in flight; initializing
20 verbose afterAdd /home/aaron/.npm/xjs-loader/1.0.0/package/package.json written
21 silly publish { name: 'xjs-loader',
21 silly publish   version: '1.0.0',
21 silly publish   description: 'webpack loader for .xjs files',
21 silly publish   main: 'index.js',
21 silly publish   directories: { test: 'test' },
21 silly publish   scripts:
21 silly publish    { test: 'echo "Error: no test specified" && exit 1',
21 silly publish      xjs: 'node ./index.js' },
21 silly publish   repository:
21 silly publish    { type: 'git',
21 silly publish      url: 'git+ssh://git@github.com/aaron-lebo/xjs-loader.git' },
21 silly publish   author: { name: 'Aaron Lebo' },
21 silly publish   license: 'ISC',
21 silly publish   bugs: { url: 'https://github.com/aaron-lebo/xjs-loader/issues' },
21 silly publish   homepage: 'https://github.com/aaron-lebo/xjs-loader#README',
21 silly publish   dependencies: { escodegen: '^1.8.0', webpack: '^1.12.14' },
21 silly publish   gitHead: 'ef5c880a34909fd70218768d9c5c202801f163d8',
21 silly publish   readme: 'ERROR: No README data found!',
21 silly publish   _id: 'xjs-loader@1.0.0',
21 silly publish   _shasum: '14cfea9590f398fd966b1219a11d88b5e4dfd3f1',
21 silly publish   _from: '.' }
22 verbose getPublishConfig undefined
23 silly mapToRegistry name xjs-loader
24 silly mapToRegistry using default registry
25 silly mapToRegistry registry https://registry.npmjs.org/
26 silly mapToRegistry uri https://registry.npmjs.org/xjs-loader
27 verbose publish registryBase https://registry.npmjs.org/
28 silly publish uploading /home/aaron/.npm/xjs-loader/1.0.0/package.tgz
29 verbose request uri https://registry.npmjs.org/xjs-loader
30 verbose request sending authorization for write operation
31 info attempt registry request try #1 at 23:39:38
32 verbose request using bearer token for auth
33 verbose request id 7a0b5266d1b554b5
34 http request PUT https://registry.npmjs.org/xjs-loader
35 http 403 https://registry.npmjs.org/xjs-loader
36 verbose headers { 'content-type': 'application/json',
36 verbose headers   'cache-control': 'max-age=300',
36 verbose headers   'content-length': '95',
36 verbose headers   'accept-ranges': 'bytes',
36 verbose headers   date: 'Sat, 02 Apr 2016 23:40:43 GMT',
36 verbose headers   via: '1.1 varnish',
36 verbose headers   connection: 'keep-alive',
36 verbose headers   'x-served-by': 'cache-iad2122-IAD',
36 verbose headers   'x-cache': 'MISS',
36 verbose headers   'x-cache-hits': '0',
36 verbose headers   'x-timer': 'S1459640442.309926,VS0,VE751' }
37 verbose request invalidating /home/aaron/.npm/registry.npmjs.org/xjs-loader on PUT
38 error publish Failed PUT 403
39 verbose stack Error: "You cannot publish over the previously published version 1.0.0." : xjs-loader
39 verbose stack     at makeError (/usr/lib/node_modules/npm/node_modules/npm-registry-client/lib/request.js:264:12)
39 verbose stack     at CachingRegistryClient.<anonymous> (/usr/lib/node_modules/npm/node_modules/npm-registry-client/lib/request.js:252:14)
39 verbose stack     at Request._callback (/usr/lib/node_modules/npm/node_modules/npm-registry-client/lib/request.js:172:14)
39 verbose stack     at Request.self.callback (/usr/lib/node_modules/npm/node_modules/request/request.js:199:22)
39 verbose stack     at emitTwo (events.js:100:13)
39 verbose stack     at Request.emit (events.js:185:7)
39 verbose stack     at Request.<anonymous> (/usr/lib/node_modules/npm/node_modules/request/request.js:1036:10)
39 verbose stack     at emitOne (events.js:95:20)
39 verbose stack     at Request.emit (events.js:182:7)
39 verbose stack     at IncomingMessage.<anonymous> (/usr/lib/node_modules/npm/node_modules/request/request.js:963:12)
40 verbose statusCode 403
41 verbose pkgid xjs-loader
42 verbose cwd /home/aaron/xjs-loader
43 error Linux 4.4.5_1
44 error argv "/usr/bin/node" "/usr/bin/npm" "publish"
45 error node v5.9.0
46 error npm  v3.7.3
47 error code E403
48 error "You cannot publish over the previously published version 1.0.0." : xjs-loader
49 error If you need help, you may report this error at:
49 error     <https://github.com/npm/npm/issues>
50 verbose exit [ 1, true ]
